
==============================================

!Thu May 22 11:07:01 EET 2025

Processing file CaseStudy1\CaseStudy1Flow.msgflow.
Successfully added file CaseStudy1\CaseStudy1Flow.msgflow to BAR file.

==============================================

!Thu May 22 11:07:01 EET 2025

Processing file CaseStudy1\CaseStudy1Flow_Compute.esql.
Successfully added file CaseStudy1\CaseStudy1Flow_Compute.esql to BAR file.

==============================================

!Thu May 22 11:07:01 EET 2025

Processing file CaseStudy1\application.descriptor.
Successfully added file CaseStudy1\application.descriptor to BAR file.
Elapsed time: 0 second(s).

Successfully added file CaseStudy1\application.descriptor to BAR file.

==============================================

!Thu May 22 11:07:01 EET 2025

Processing file CaseStudy1\application.descriptor.
Successfully added file CaseStudy1\application.descriptor to BAR file.
Elapsed time: 0 second(s).

Successfully added file CaseStudy1\application.descriptor to BAR file.
